<?xml version="1.0" encoding="UTF-8"?>
<testng-results skipped="1" failed="0" ignored="0" total="1" passed="0">
  <reporter-output>
  </reporter-output>
  <suite name="Default suite" duration-ms="34902" started-at="2020-02-21T11:52:29Z" finished-at="2020-02-21T11:53:04Z">
    <groups>
    </groups>
    <test name="Default test" duration-ms="34902" started-at="2020-02-21T11:52:29Z" finished-at="2020-02-21T11:53:04Z">
      <class name="test_scripts.Login_Tc1">
        <test-method status="PASS" signature="setup()[pri:0, instance:test_scripts.Login_Tc1@e26948]" name="setup" is-config="true" duration-ms="4698" started-at="2020-02-21T11:52:24Z" finished-at="2020-02-21T11:52:29Z">
          <reporter-output>
          </reporter-output>
        </test-method> <!-- setup -->
        <test-method status="FAIL" signature="openbrowser()[pri:0, instance:test_scripts.Login_Tc1@e26948]" name="openbrowser" is-config="true" duration-ms="34689" started-at="2020-02-21T11:52:29Z" finished-at="2020-02-21T11:53:04Z">
          <exception class="org.openqa.selenium.SessionNotCreatedException">
            <message>
              <![CDATA[session not created: This version of ChromeDriver only supports Chrome version 81
Build info: version: '3.14.0', revision: 'aacccce0', time: '2018-08-02T20:19:58.91Z'
System info: host: 'HMRAGHU', ip: '192.168.88.1', os.name: 'Windows 7', os.arch: 'x86', os.version: '6.1', java.version: '1.8.0_181'
Driver info: driver.version: ChromeDriver
remote stacktrace: Backtrace:
Ordinal0 [0x01385D53+2448723]
Ordinal0 [0x012B8131+1605937]
Ordinal0 [0x011AF879+522361]
Ordinal0 [0x011405F3+67059]
Ordinal0 [0x0113CD92+52626]
Ordinal0 [0x0115C127+180519]
Ordinal0 [0x0115BF2D+180013]
Ordinal0 [0x01159E5B+171611]
Ordinal0 [0x01141DD8+73176]
Ordinal0 [0x01142E50+77392]
Ordinal0 [0x01142DE9+77289]
Ordinal0 [0x012CD6A7+1693351]
GetHandleVerifier [0x01423E16+522726]
GetHandleVerifier [0x01423B54+522020]
GetHandleVerifier [0x01438F67+609079]
GetHandleVerifier [0x01424686+524886]
Ordinal0 [0x012C5A8C+1661580]
Ordinal0 [0x012CF00B+1699851]
Ordinal0 [0x012CF173+1700211]
Ordinal0 [0x012E4FE5+1789925]
BaseThreadInitThunk [0x75F81174+18]
RtlInitializeExceptionChain [0x7734B3F5+99]
RtlInitializeExceptionChain [0x7734B3C8+54]
]]>
            </message>
            <full-stacktrace>
              <![CDATA[org.openqa.selenium.SessionNotCreatedException: session not created: This version of ChromeDriver only supports Chrome version 81
Build info: version: '3.14.0', revision: 'aacccce0', time: '2018-08-02T20:19:58.91Z'
System info: host: 'HMRAGHU', ip: '192.168.88.1', os.name: 'Windows 7', os.arch: 'x86', os.version: '6.1', java.version: '1.8.0_181'
Driver info: driver.version: ChromeDriver
remote stacktrace: Backtrace:
Ordinal0 [0x01385D53+2448723]
Ordinal0 [0x012B8131+1605937]
Ordinal0 [0x011AF879+522361]
Ordinal0 [0x011405F3+67059]
Ordinal0 [0x0113CD92+52626]
Ordinal0 [0x0115C127+180519]
Ordinal0 [0x0115BF2D+180013]
Ordinal0 [0x01159E5B+171611]
Ordinal0 [0x01141DD8+73176]
Ordinal0 [0x01142E50+77392]
Ordinal0 [0x01142DE9+77289]
Ordinal0 [0x012CD6A7+1693351]
GetHandleVerifier [0x01423E16+522726]
GetHandleVerifier [0x01423B54+522020]
GetHandleVerifier [0x01438F67+609079]
GetHandleVerifier [0x01424686+524886]
Ordinal0 [0x012C5A8C+1661580]
Ordinal0 [0x012CF00B+1699851]
Ordinal0 [0x012CF173+1700211]
Ordinal0 [0x012E4FE5+1789925]
BaseThreadInitThunk [0x75F81174+18]
RtlInitializeExceptionChain [0x7734B3F5+99]
RtlInitializeExceptionChain [0x7734B3C8+54]

at sun.reflect.NativeConstructorAccessorImpl.newInstance0(Native Method)
at sun.reflect.NativeConstructorAccessorImpl.newInstance(NativeConstructorAccessorImpl.java:62)
at sun.reflect.DelegatingConstructorAccessorImpl.newInstance(DelegatingConstructorAccessorImpl.java:45)
at java.lang.reflect.Constructor.newInstance(Constructor.java:423)
at org.openqa.selenium.remote.W3CHandshakeResponse.lambda$new$0(W3CHandshakeResponse.java:57)
at org.openqa.selenium.remote.W3CHandshakeResponse.lambda$getResponseFunction$2(W3CHandshakeResponse.java:104)
at org.openqa.selenium.remote.ProtocolHandshake.lambda$createSession$0(ProtocolHandshake.java:122)
at java.util.stream.ReferencePipeline$3$1.accept(ReferencePipeline.java:193)
at java.util.Spliterators$ArraySpliterator.tryAdvance(Spliterators.java:958)
at java.util.stream.ReferencePipeline.forEachWithCancel(ReferencePipeline.java:126)
at java.util.stream.AbstractPipeline.copyIntoWithCancel(AbstractPipeline.java:498)
at java.util.stream.AbstractPipeline.copyInto(AbstractPipeline.java:485)
at java.util.stream.AbstractPipeline.wrapAndCopyInto(AbstractPipeline.java:471)
at java.util.stream.FindOps$FindOp.evaluateSequential(FindOps.java:152)
at java.util.stream.AbstractPipeline.evaluate(AbstractPipeline.java:234)
at java.util.stream.ReferencePipeline.findFirst(ReferencePipeline.java:464)
at org.openqa.selenium.remote.ProtocolHandshake.createSession(ProtocolHandshake.java:125)
at org.openqa.selenium.remote.ProtocolHandshake.createSession(ProtocolHandshake.java:73)
at org.openqa.selenium.remote.HttpCommandExecutor.execute(HttpCommandExecutor.java:136)
at org.openqa.selenium.remote.service.DriverCommandExecutor.execute(DriverCommandExecutor.java:83)
at org.openqa.selenium.remote.RemoteWebDriver.execute(RemoteWebDriver.java:548)
at org.openqa.selenium.remote.RemoteWebDriver.startSession(RemoteWebDriver.java:212)
at org.openqa.selenium.remote.RemoteWebDriver.<init>(RemoteWebDriver.java:130)
at org.openqa.selenium.chrome.ChromeDriver.<init>(ChromeDriver.java:181)
at org.openqa.selenium.chrome.ChromeDriver.<init>(ChromeDriver.java:168)
at org.openqa.selenium.chrome.ChromeDriver.<init>(ChromeDriver.java:123)
at generic.Basetest.openbrowser(Basetest.java:29)
at sun.reflect.NativeMethodAccessorImpl.invoke0(Native Method)
at sun.reflect.NativeMethodAccessorImpl.invoke(NativeMethodAccessorImpl.java:62)
at sun.reflect.DelegatingMethodAccessorImpl.invoke(DelegatingMethodAccessorImpl.java:43)
at java.lang.reflect.Method.invoke(Method.java:498)
at org.testng.internal.MethodInvocationHelper.invokeMethod(MethodInvocationHelper.java:124)
at org.testng.internal.MethodInvocationHelper.invokeMethodConsideringTimeout(MethodInvocationHelper.java:59)
at org.testng.internal.Invoker.invokeConfigurationMethod(Invoker.java:458)
at org.testng.internal.Invoker.invokeConfigurations(Invoker.java:222)
at org.testng.internal.Invoker.invokeMethod(Invoker.java:523)
at org.testng.internal.Invoker.invokeTestMethod(Invoker.java:719)
at org.testng.internal.Invoker.invokeTestMethods(Invoker.java:989)
at org.testng.internal.TestMethodWorker.invokeTestMethods(TestMethodWorker.java:125)
at org.testng.internal.TestMethodWorker.run(TestMethodWorker.java:109)
at org.testng.TestRunner.privateRun(TestRunner.java:648)
at org.testng.TestRunner.run(TestRunner.java:505)
at org.testng.SuiteRunner.runTest(SuiteRunner.java:455)
at org.testng.SuiteRunner.runSequentially(SuiteRunner.java:450)
at org.testng.SuiteRunner.privateRun(SuiteRunner.java:415)
at org.testng.SuiteRunner.run(SuiteRunner.java:364)
at org.testng.SuiteRunnerWorker.runSuite(SuiteRunnerWorker.java:52)
at org.testng.SuiteRunnerWorker.run(SuiteRunnerWorker.java:84)
at org.testng.TestNG.runSuitesSequentially(TestNG.java:1208)
at org.testng.TestNG.runSuitesLocally(TestNG.java:1137)
at org.testng.TestNG.runSuites(TestNG.java:1049)
at org.testng.TestNG.run(TestNG.java:1017)
at org.testng.remote.AbstractRemoteTestNG.run(AbstractRemoteTestNG.java:114)
at org.testng.remote.RemoteTestNG.initAndRun(RemoteTestNG.java:251)
at org.testng.remote.RemoteTestNG.main(RemoteTestNG.java:77)
]]>
            </full-stacktrace>
          </exception> <!-- org.openqa.selenium.SessionNotCreatedException -->
          <reporter-output>
          </reporter-output>
        </test-method> <!-- openbrowser -->
        <test-method status="SKIP" signature="runapp()[pri:0, instance:test_scripts.Login_Tc1@e26948]" name="runapp" duration-ms="0" started-at="2020-02-21T11:53:04Z" finished-at="2020-02-21T11:53:04Z">
          <exception class="org.openqa.selenium.SessionNotCreatedException">
            <message>
              <![CDATA[session not created: This version of ChromeDriver only supports Chrome version 81
Build info: version: '3.14.0', revision: 'aacccce0', time: '2018-08-02T20:19:58.91Z'
System info: host: 'HMRAGHU', ip: '192.168.88.1', os.name: 'Windows 7', os.arch: 'x86', os.version: '6.1', java.version: '1.8.0_181'
Driver info: driver.version: ChromeDriver
remote stacktrace: Backtrace:
Ordinal0 [0x01385D53+2448723]
Ordinal0 [0x012B8131+1605937]
Ordinal0 [0x011AF879+522361]
Ordinal0 [0x011405F3+67059]
Ordinal0 [0x0113CD92+52626]
Ordinal0 [0x0115C127+180519]
Ordinal0 [0x0115BF2D+180013]
Ordinal0 [0x01159E5B+171611]
Ordinal0 [0x01141DD8+73176]
Ordinal0 [0x01142E50+77392]
Ordinal0 [0x01142DE9+77289]
Ordinal0 [0x012CD6A7+1693351]
GetHandleVerifier [0x01423E16+522726]
GetHandleVerifier [0x01423B54+522020]
GetHandleVerifier [0x01438F67+609079]
GetHandleVerifier [0x01424686+524886]
Ordinal0 [0x012C5A8C+1661580]
Ordinal0 [0x012CF00B+1699851]
Ordinal0 [0x012CF173+1700211]
Ordinal0 [0x012E4FE5+1789925]
BaseThreadInitThunk [0x75F81174+18]
RtlInitializeExceptionChain [0x7734B3F5+99]
RtlInitializeExceptionChain [0x7734B3C8+54]
]]>
            </message>
            <full-stacktrace>
              <![CDATA[org.openqa.selenium.SessionNotCreatedException: session not created: This version of ChromeDriver only supports Chrome version 81
Build info: version: '3.14.0', revision: 'aacccce0', time: '2018-08-02T20:19:58.91Z'
System info: host: 'HMRAGHU', ip: '192.168.88.1', os.name: 'Windows 7', os.arch: 'x86', os.version: '6.1', java.version: '1.8.0_181'
Driver info: driver.version: ChromeDriver
remote stacktrace: Backtrace:
Ordinal0 [0x01385D53+2448723]
Ordinal0 [0x012B8131+1605937]
Ordinal0 [0x011AF879+522361]
Ordinal0 [0x011405F3+67059]
Ordinal0 [0x0113CD92+52626]
Ordinal0 [0x0115C127+180519]
Ordinal0 [0x0115BF2D+180013]
Ordinal0 [0x01159E5B+171611]
Ordinal0 [0x01141DD8+73176]
Ordinal0 [0x01142E50+77392]
Ordinal0 [0x01142DE9+77289]
Ordinal0 [0x012CD6A7+1693351]
GetHandleVerifier [0x01423E16+522726]
GetHandleVerifier [0x01423B54+522020]
GetHandleVerifier [0x01438F67+609079]
GetHandleVerifier [0x01424686+524886]
Ordinal0 [0x012C5A8C+1661580]
Ordinal0 [0x012CF00B+1699851]
Ordinal0 [0x012CF173+1700211]
Ordinal0 [0x012E4FE5+1789925]
BaseThreadInitThunk [0x75F81174+18]
RtlInitializeExceptionChain [0x7734B3F5+99]
RtlInitializeExceptionChain [0x7734B3C8+54]

at sun.reflect.NativeConstructorAccessorImpl.newInstance0(Native Method)
at sun.reflect.NativeConstructorAccessorImpl.newInstance(NativeConstructorAccessorImpl.java:62)
at sun.reflect.DelegatingConstructorAccessorImpl.newInstance(DelegatingConstructorAccessorImpl.java:45)
at java.lang.reflect.Constructor.newInstance(Constructor.java:423)
at org.openqa.selenium.remote.W3CHandshakeResponse.lambda$new$0(W3CHandshakeResponse.java:57)
at org.openqa.selenium.remote.W3CHandshakeResponse.lambda$getResponseFunction$2(W3CHandshakeResponse.java:104)
at org.openqa.selenium.remote.ProtocolHandshake.lambda$createSession$0(ProtocolHandshake.java:122)
at java.util.stream.ReferencePipeline$3$1.accept(ReferencePipeline.java:193)
at java.util.Spliterators$ArraySpliterator.tryAdvance(Spliterators.java:958)
at java.util.stream.ReferencePipeline.forEachWithCancel(ReferencePipeline.java:126)
at java.util.stream.AbstractPipeline.copyIntoWithCancel(AbstractPipeline.java:498)
at java.util.stream.AbstractPipeline.copyInto(AbstractPipeline.java:485)
at java.util.stream.AbstractPipeline.wrapAndCopyInto(AbstractPipeline.java:471)
at java.util.stream.FindOps$FindOp.evaluateSequential(FindOps.java:152)
at java.util.stream.AbstractPipeline.evaluate(AbstractPipeline.java:234)
at java.util.stream.ReferencePipeline.findFirst(ReferencePipeline.java:464)
at org.openqa.selenium.remote.ProtocolHandshake.createSession(ProtocolHandshake.java:125)
at org.openqa.selenium.remote.ProtocolHandshake.createSession(ProtocolHandshake.java:73)
at org.openqa.selenium.remote.HttpCommandExecutor.execute(HttpCommandExecutor.java:136)
at org.openqa.selenium.remote.service.DriverCommandExecutor.execute(DriverCommandExecutor.java:83)
at org.openqa.selenium.remote.RemoteWebDriver.execute(RemoteWebDriver.java:548)
at org.openqa.selenium.remote.RemoteWebDriver.startSession(RemoteWebDriver.java:212)
at org.openqa.selenium.remote.RemoteWebDriver.<init>(RemoteWebDriver.java:130)
at org.openqa.selenium.chrome.ChromeDriver.<init>(ChromeDriver.java:181)
at org.openqa.selenium.chrome.ChromeDriver.<init>(ChromeDriver.java:168)
at org.openqa.selenium.chrome.ChromeDriver.<init>(ChromeDriver.java:123)
at generic.Basetest.openbrowser(Basetest.java:29)
at sun.reflect.NativeMethodAccessorImpl.invoke0(Native Method)
at sun.reflect.NativeMethodAccessorImpl.invoke(NativeMethodAccessorImpl.java:62)
at sun.reflect.DelegatingMethodAccessorImpl.invoke(DelegatingMethodAccessorImpl.java:43)
at java.lang.reflect.Method.invoke(Method.java:498)
at org.testng.internal.MethodInvocationHelper.invokeMethod(MethodInvocationHelper.java:124)
at org.testng.internal.MethodInvocationHelper.invokeMethodConsideringTimeout(MethodInvocationHelper.java:59)
at org.testng.internal.Invoker.invokeConfigurationMethod(Invoker.java:458)
at org.testng.internal.Invoker.invokeConfigurations(Invoker.java:222)
at org.testng.internal.Invoker.invokeMethod(Invoker.java:523)
at org.testng.internal.Invoker.invokeTestMethod(Invoker.java:719)
at org.testng.internal.Invoker.invokeTestMethods(Invoker.java:989)
at org.testng.internal.TestMethodWorker.invokeTestMethods(TestMethodWorker.java:125)
at org.testng.internal.TestMethodWorker.run(TestMethodWorker.java:109)
at org.testng.TestRunner.privateRun(TestRunner.java:648)
at org.testng.TestRunner.run(TestRunner.java:505)
at org.testng.SuiteRunner.runTest(SuiteRunner.java:455)
at org.testng.SuiteRunner.runSequentially(SuiteRunner.java:450)
at org.testng.SuiteRunner.privateRun(SuiteRunner.java:415)
at org.testng.SuiteRunner.run(SuiteRunner.java:364)
at org.testng.SuiteRunnerWorker.runSuite(SuiteRunnerWorker.java:52)
at org.testng.SuiteRunnerWorker.run(SuiteRunnerWorker.java:84)
at org.testng.TestNG.runSuitesSequentially(TestNG.java:1208)
at org.testng.TestNG.runSuitesLocally(TestNG.java:1137)
at org.testng.TestNG.runSuites(TestNG.java:1049)
at org.testng.TestNG.run(TestNG.java:1017)
at org.testng.remote.AbstractRemoteTestNG.run(AbstractRemoteTestNG.java:114)
at org.testng.remote.RemoteTestNG.initAndRun(RemoteTestNG.java:251)
at org.testng.remote.RemoteTestNG.main(RemoteTestNG.java:77)
]]>
            </full-stacktrace>
          </exception> <!-- org.openqa.selenium.SessionNotCreatedException -->
          <reporter-output>
          </reporter-output>
        </test-method> <!-- runapp -->
        <test-method status="SKIP" signature="closebrowser()[pri:0, instance:test_scripts.Login_Tc1@e26948]" name="closebrowser" is-config="true" duration-ms="0" started-at="2020-02-21T11:53:04Z" finished-at="2020-02-21T11:53:04Z">
          <reporter-output>
          </reporter-output>
        </test-method> <!-- closebrowser -->
      </class> <!-- test_scripts.Login_Tc1 -->
    </test> <!-- Default test -->
  </suite> <!-- Default suite -->
</testng-results>
